[10:46:51:081 @31 main: Data loading: started
[10:46:51:090 @48 main: Hotels loading: started
[10:46:51:150 @29 main: File path is input/hotels/hotels.json
[10:46:51:327 @41 main: Hotel files are parsed. Number of hotels is 157
[10:46:51:329 @53 main: Hotels loading: done
[10:46:51:332 @57 main: Threads number: 3
[10:46:51:332 @60 main: Reviews loading: started
[10:46:51:338 @111 main: Worker working on input/reviews finished work
[10:46:51:342 @111 main: Worker working on input/reviews/SanCarlos finished work
[10:46:51:342 @54 pool-2-thread-1: File path is input/reviews/SanCarlos/review200649.json
[10:46:51:343 @54 pool-2-thread-2: File path is input/reviews/SanCarlos/review14781.json
[10:46:51:344 @54 pool-2-thread-3: File path is input/reviews/SanFrancisco/review919198.json
[10:46:51:356 @54 pool-2-thread-1: File path is input/reviews/SanFrancisco/review912982.json
[10:46:51:356 @54 pool-2-thread-3: File path is input/reviews/SanFrancisco/review662368.json
[10:46:51:356 @54 pool-2-thread-2: File path is input/reviews/SanFrancisco/review4432027.json
[10:46:51:359 @54 pool-2-thread-2: File path is input/reviews/SanFrancisco/review1606984.json
[10:46:51:359 @111 main: Worker working on input/reviews/SanFrancisco finished work
[10:46:51:362 @111 main: Worker working on input/reviews/SanFrancisco/SFOAirport finished work
[10:46:51:365 @54 pool-2-thread-3: File path is input/reviews/SanFrancisco/review533579.json
[10:46:51:368 @54 pool-2-thread-1: File path is input/reviews/SanFrancisco/review1321986.json
[10:46:51:369 @54 pool-2-thread-3: File path is input/reviews/SanFrancisco/review50993.json
[10:46:51:370 @54 pool-2-thread-2: File path is input/reviews/SanFrancisco/review5830.json
[10:46:51:375 @54 pool-2-thread-1: File path is input/reviews/SanFrancisco/review476728.json
[10:46:51:379 @54 pool-2-thread-3: File path is input/reviews/SanFrancisco/review20701.json
[10:46:51:381 @54 pool-2-thread-2: File path is input/reviews/SanFrancisco/review910225.json
[10:46:51:385 @54 pool-2-thread-1: File path is input/reviews/SanFrancisco/review2336.json
[10:46:51:390 @54 pool-2-thread-3: File path is input/reviews/SanFrancisco/review22510.json
[10:46:51:392 @54 pool-2-thread-2: File path is input/reviews/SanFrancisco/review26945.json
[10:46:51:395 @54 pool-2-thread-1: File path is input/reviews/SanFrancisco/review11509.json
[10:46:51:398 @54 pool-2-thread-3: File path is input/reviews/SanFrancisco/review8090040.json
[10:46:51:399 @54 pool-2-thread-2: File path is input/reviews/SanFrancisco/review23383.json
[10:46:51:399 @54 pool-2-thread-3: File path is input/reviews/SanFrancisco/review51116.json
[10:46:51:401 @54 pool-2-thread-1: File path is input/reviews/SanFrancisco/review1145267.json
[10:46:51:407 @54 pool-2-thread-3: File path is input/reviews/SanFrancisco/review7713.json
[10:46:51:408 @54 pool-2-thread-2: File path is input/reviews/SanFrancisco/review918527.json
[10:46:51:411 @54 pool-2-thread-1: File path is input/reviews/SanFrancisco/review6505.json
[10:46:51:413 @54 pool-2-thread-3: File path is input/reviews/SanFrancisco/review904482.json
[10:46:51:416 @54 pool-2-thread-2: File path is input/reviews/SanFrancisco/review18437.json
[10:46:51:368 @111 main: Worker working on input/reviews/SanFrancisco/Hostels finished work
[10:46:51:422 @54 pool-2-thread-3: File path is input/reviews/SanFrancisco/review881699.json
[10:46:51:422 @54 pool-2-thread-1: File path is input/reviews/SanFrancisco/review12539.json
[10:46:51:424 @54 pool-2-thread-2: File path is input/reviews/SanFrancisco/review12493.json
[10:46:51:426 @111 main: Worker working on input/reviews/SanFrancisco/UnionSq finished work
[10:46:51:430 @54 pool-2-thread-3: File path is input/reviews/SanFrancisco/review1515923.json
[10:46:51:430 @54 pool-2-thread-1: File path is input/reviews/SanFrancisco/review522505.json
[10:46:51:434 @54 pool-2-thread-2: File path is input/reviews/SanFrancisco/review18200.json
[10:46:51:436 @54 pool-2-thread-3: File path is input/reviews/SanFrancisco/review876315.json
[10:46:51:441 @54 pool-2-thread-1: File path is input/reviews/SanFrancisco/review693658.json
[10:46:51:443 @54 pool-2-thread-2: File path is input/reviews/SanFrancisco/review287665.json
[10:46:51:444 @54 pool-2-thread-3: File path is input/reviews/SanFrancisco/review6666.json
[10:46:51:449 @111 main: Worker working on input/reviews/SanFrancisco/FishermansWharf finished work
[10:46:51:451 @54 pool-2-thread-2: File path is input/reviews/SanFrancisco/review7262522.json
[10:46:51:452 @54 pool-2-thread-1: File path is input/reviews/SanFrancisco/review790530.json
[10:46:51:452 @111 main: Worker working on input/reviews/SanFrancisco/FinancialDistrict finished work
[10:46:51:453 @111 main: Worker working on input/reviews/Emeryville finished work
[10:46:51:454 @54 pool-2-thread-3: File path is input/reviews/SanFrancisco/review25860.json
[10:46:51:460 @54 pool-2-thread-2: File path is input/reviews/SanFrancisco/review42336.json
[10:46:51:474 @54 pool-2-thread-3: File path is input/reviews/SanFrancisco/review890830.json
[10:46:51:474 @54 pool-2-thread-1: File path is input/reviews/SanFrancisco/review7942.json
[10:46:51:476 @54 pool-2-thread-2: File path is input/reviews/SanFrancisco/review21073.json
[10:46:51:480 @54 pool-2-thread-3: File path is input/reviews/SanFrancisco/review6271901.json
[10:46:51:482 @54 pool-2-thread-1: File path is input/reviews/SanFrancisco/review5338.json
[10:46:51:482 @54 pool-2-thread-2: File path is input/reviews/SanFrancisco/review897225.json
[10:46:51:505 @54 pool-2-thread-2: File path is input/reviews/SanFrancisco/review41833.json
[10:46:51:506 @54 pool-2-thread-1: File path is input/reviews/SanFrancisco/review789395.json
[10:46:51:515 @54 pool-2-thread-3: File path is input/reviews/SanFrancisco/review1766605.json
[10:46:51:518 @54 pool-2-thread-2: File path is input/reviews/SanFrancisco/review25271.json
[10:46:51:520 @54 pool-2-thread-1: File path is input/reviews/SanFrancisco/review225819.json
[10:46:51:526 @54 pool-2-thread-3: File path is input/reviews/SanFrancisco/review24620.json
[10:46:51:526 @54 pool-2-thread-2: File path is input/reviews/SanFrancisco/review808403.json
[10:46:51:529 @54 pool-2-thread-1: File path is input/reviews/SanFrancisco/review15254.json
[10:46:51:533 @54 pool-2-thread-3: File path is input/reviews/SanFrancisco/review18962.json
[10:46:51:545 @54 pool-2-thread-1: File path is input/reviews/SanFrancisco/review1588312.json
[10:46:51:549 @54 pool-2-thread-3: File path is input/reviews/SanFrancisco/review8638.json
[10:46:51:551 @54 pool-2-thread-1: File path is input/reviews/SanFrancisco/review6706717.json
[10:46:51:554 @54 pool-2-thread-1: File path is input/reviews/SanFrancisco/review296720.json
[10:46:51:563 @54 pool-2-thread-3: File path is input/reviews/SanFrancisco/review444672.json
[10:46:51:565 @54 pool-2-thread-1: File path is input/reviews/SanFrancisco/review11523.json
[10:46:51:565 @54 pool-2-thread-2: File path is input/reviews/SanFrancisco/review8647196.json
[10:46:51:577 @54 pool-2-thread-1: File path is input/reviews/SanFrancisco/review791769.json
[10:46:51:577 @54 pool-2-thread-3: File path is input/reviews/SanFrancisco/review891239.json
[10:46:51:604 @54 pool-2-thread-2: File path is input/reviews/SanFrancisco/review5361249.json
[10:46:51:608 @54 pool-2-thread-1: File path is input/reviews/SanFrancisco/review856888.json
[10:46:51:609 @54 pool-2-thread-2: File path is input/reviews/SanFrancisco/review5875.json
[10:46:51:610 @54 pool-2-thread-3: File path is input/reviews/SanFrancisco/review23406.json
[10:46:51:619 @54 pool-2-thread-3: File path is input/reviews/SanFrancisco/review287112.json
[10:46:51:621 @54 pool-2-thread-1: File path is input/reviews/SanFrancisco/review2406.json
[10:46:51:621 @54 pool-2-thread-2: File path is input/reviews/SanFrancisco/review17616.json
[10:46:51:645 @54 pool-2-thread-3: File path is input/reviews/SanFrancisco/review23774.json
[10:46:51:649 @54 pool-2-thread-2: File path is input/reviews/SanFrancisco/review13950.json
[10:46:51:655 @54 pool-2-thread-2: File path is input/reviews/SanFrancisco/review1146383.json
[10:46:51:655 @54 pool-2-thread-1: File path is input/reviews/SanFrancisco/review14451.json
[10:46:51:672 @54 pool-2-thread-2: File path is input/reviews/SanFrancisco/review27274.json
[10:46:51:679 @54 pool-2-thread-2: File path is input/reviews/SanFrancisco/review438727.json
[10:46:51:655 @54 pool-2-thread-3: File path is input/reviews/SanFrancisco/review5984.json
[10:46:51:685 @54 pool-2-thread-2: File path is input/reviews/SanFrancisco/review14781.json
[10:46:51:688 @54 pool-2-thread-1: File path is input/reviews/SanFrancisco/review283107.json
[10:46:51:690 @54 pool-2-thread-3: File path is input/reviews/SanFrancisco/review5045.json
[10:46:51:690 @54 pool-2-thread-2: File path is input/reviews/SanFrancisco/review19035.json
[10:46:51:695 @54 pool-2-thread-1: File path is input/reviews/SanFrancisco/review26760.json
[10:46:51:697 @54 pool-2-thread-2: File path is input/reviews/SanFrancisco/review16552.json
[10:46:51:698 @54 pool-2-thread-3: File path is input/reviews/SanFrancisco/review22148.json
[10:46:51:703 @54 pool-2-thread-2: File path is input/reviews/SanFrancisco/review9043627.json
[10:46:51:704 @54 pool-2-thread-2: File path is input/reviews/SanFrancisco/review855749.json
[10:46:51:706 @54 pool-2-thread-1: File path is input/reviews/SanFrancisco/review894295.json
[10:46:51:706 @54 pool-2-thread-3: File path is input/reviews/SanFrancisco/review437098.json
[10:46:51:709 @54 pool-2-thread-2: File path is input/reviews/SanFrancisco/review519729.json
[10:46:51:715 @54 pool-2-thread-1: File path is input/reviews/SanFrancisco/review18320.json
[10:46:51:715 @54 pool-2-thread-2: File path is input/reviews/SanFrancisco/review3308.json
[10:46:51:715 @54 pool-2-thread-3: File path is input/reviews/SanFrancisco/review23581.json
[10:46:51:722 @54 pool-2-thread-2: File path is input/reviews/SanFrancisco/review11793.json
[10:46:51:724 @54 pool-2-thread-1: File path is input/reviews/SanFrancisco/review3552.json
[10:46:51:725 @54 pool-2-thread-3: File path is input/reviews/SanFrancisco/review578899.json
[10:46:51:730 @54 pool-2-thread-2: File path is input/reviews/SanFrancisco/review915510.json
[10:46:51:730 @54 pool-2-thread-3: File path is input/reviews/SanFrancisco/review20191.json
[10:46:51:731 @54 pool-2-thread-1: File path is input/reviews/SanFrancisco/review40682.json
[10:46:51:737 @54 pool-2-thread-3: File path is input/reviews/SanFrancisco/review2536795.json
[10:46:51:738 @54 pool-2-thread-2: File path is input/reviews/SanFrancisco/review790579.json
[10:46:51:741 @54 pool-2-thread-3: File path is input/reviews/SanFrancisco/review18204.json
[10:46:51:742 @54 pool-2-thread-1: File path is input/reviews/SanFrancisco/review15135.json
[10:46:51:748 @54 pool-2-thread-2: File path is input/reviews/SanFrancisco/review883306.json
[10:46:51:753 @54 pool-2-thread-1: File path is input/reviews/SanFrancisco/review19842.json
[10:46:51:754 @54 pool-2-thread-3: File path is input/reviews/SanFrancisco/review57255.json
[10:46:51:756 @54 pool-2-thread-2: File path is input/reviews/SanFrancisco/review7635.json
[10:46:51:766 @54 pool-2-thread-2: File path is input/reviews/SanFrancisco/review24540.json
[10:46:51:768 @54 pool-2-thread-1: File path is input/reviews/SanFrancisco/review564858.json
[10:46:51:776 @54 pool-2-thread-3: File path is input/reviews/SanFrancisco/review1208461.json
[10:46:51:778 @54 pool-2-thread-2: File path is input/reviews/SanFrancisco/review5425.json
[10:46:51:781 @54 pool-2-thread-1: File path is input/reviews/SanFrancisco/review11771.json
[10:46:51:830 @54 pool-2-thread-3: File path is input/reviews/SanFrancisco/review455591.json
[10:46:51:836 @54 pool-2-thread-1: File path is input/reviews/SanFrancisco/review14553.json
[10:46:51:840 @54 pool-2-thread-3: File path is input/reviews/SanFrancisco/review118232.json
[10:46:51:849 @54 pool-2-thread-3: File path is input/reviews/SanFrancisco/review28200.json
[10:46:51:851 @54 pool-2-thread-1: File path is input/reviews/SanFrancisco/review5901.json
[10:46:51:853 @54 pool-2-thread-2: File path is input/reviews/SanFrancisco/review15769.json
[10:46:51:856 @54 pool-2-thread-3: File path is input/reviews/SanFrancisco/review897333.json
[10:46:51:857 @54 pool-2-thread-1: File path is input/reviews/SanFrancisco/SFOAirport/review12345.json
[10:46:51:864 @54 pool-2-thread-1: File path is input/reviews/SanFrancisco/SFOAirport/review23838.json
[10:46:51:864 @54 pool-2-thread-3: File path is input/reviews/SanFrancisco/SFOAirport/review4705.json
[10:46:51:864 @54 pool-2-thread-2: File path is input/reviews/SanFrancisco/SFOAirport/review40443.json
[10:46:51:870 @54 pool-2-thread-1: File path is input/reviews/SanFrancisco/SFOAirport/review599536.json
[10:46:51:872 @54 pool-2-thread-3: File path is input/reviews/SanFrancisco/SFOAirport/review524164.json
[10:46:51:873 @54 pool-2-thread-2: File path is input/reviews/SanFrancisco/SFOAirport/review1139289.json
[10:46:51:879 @54 pool-2-thread-1: File path is input/reviews/SanFrancisco/SFOAirport/review4044.json
[10:46:51:880 @54 pool-2-thread-3: File path is input/reviews/SanFrancisco/SFOAirport/review2981.json
[10:46:51:882 @54 pool-2-thread-2: File path is input/reviews/SanFrancisco/SFOAirport/review26500.json
[10:46:51:884 @54 pool-2-thread-1: File path is input/reviews/SanFrancisco/SFOAirport/review7655.json
[10:46:51:884 @54 pool-2-thread-3: File path is input/reviews/SanFrancisco/SFOAirport/review16955.json
[10:46:51:886 @54 pool-2-thread-2: File path is input/reviews/SanFrancisco/SFOAirport/review487.json
[10:46:51:889 @54 pool-2-thread-3: File path is input/reviews/SanFrancisco/SFOAirport/review9329.json
[10:46:51:889 @54 pool-2-thread-1: File path is input/reviews/SanFrancisco/SFOAirport/review1110785.json
[10:46:51:895 @54 pool-2-thread-2: File path is input/reviews/SanFrancisco/SFOAirport/review28502.json
[10:46:51:897 @54 pool-2-thread-3: File path is input/reviews/SanFrancisco/Hostels/review9491356.json
[10:46:51:897 @54 pool-2-thread-1: File path is input/reviews/SanFrancisco/Hostels/review14772741.json
[10:46:51:899 @54 pool-2-thread-1: File path is input/reviews/SanFrancisco/UnionSq/review8737.json
[10:46:51:901 @54 pool-2-thread-3: File path is input/reviews/SanFrancisco/UnionSq/review150946.json
[10:46:51:901 @54 pool-2-thread-2: File path is input/reviews/SanFrancisco/UnionSq/review23395.json
[10:46:51:905 @54 pool-2-thread-3: File path is input/reviews/SanFrancisco/UnionSq/review20547.json
[10:46:51:917 @54 pool-2-thread-2: File path is input/reviews/SanFrancisco/UnionSq/review5883.json
[10:46:51:922 @54 pool-2-thread-2: File path is input/reviews/SanFrancisco/UnionSq/review25622.json
[10:46:51:929 @54 pool-2-thread-2: File path is input/reviews/SanFrancisco/UnionSq/review360.json
[10:46:51:931 @54 pool-2-thread-1: File path is input/reviews/SanFrancisco/UnionSq/review24468.json
[10:46:51:935 @54 pool-2-thread-2: File path is input/reviews/SanFrancisco/FishermansWharf/review476728.json
[10:46:51:938 @54 pool-2-thread-3: File path is input/reviews/SanFrancisco/FishermansWharf/review22500.json
[10:46:51:938 @54 pool-2-thread-2: File path is input/reviews/SanFrancisco/FishermansWharf/review1047.json
[10:46:51:945 @54 pool-2-thread-1: File path is input/reviews/SanFrancisco/FishermansWharf/review20488.json
[10:46:51:947 @54 pool-2-thread-2: File path is input/reviews/SanFrancisco/FishermansWharf/review24625.json
[10:46:51:950 @54 pool-2-thread-3: File path is input/reviews/SanFrancisco/FishermansWharf/review578899.json
[10:46:51:951 @54 pool-2-thread-2: File path is input/reviews/SanFrancisco/FishermansWharf/review422927.json
[10:46:51:962 @54 pool-2-thread-1: File path is input/reviews/SanFrancisco/FinancialDistrict/review4302.json
[10:46:51:964 @54 pool-2-thread-2: File path is input/reviews/Emeryville/review10323.json
[10:46:51:967 @54 pool-2-thread-3: File path is input/reviews/Emeryville/review547988.json
[10:46:51:970 @54 pool-2-thread-2: File path is input/reviews/Emeryville/review17280.json
[10:46:51:975 @54 pool-2-thread-1: File path is input/reviews/Emeryville/review15674041.json
[10:46:51:985 @63 main: Reviews loading: done
[10:46:51:987 @33 main: Data loading: map hotel review
[10:46:51:992 @35 main: Data loading: map word review
[10:46:52:836 @37 main: Data loading: done
[10:46:53:009 @34 main: Added servlet: bichel.yauhen.web.app.servlet.WordServlet
[10:46:53:088 @34 main: Added servlet: bichel.yauhen.web.app.servlet.ReviewsServlet
[10:46:53:101 @34 main: Added servlet: bichel.yauhen.web.app.servlet.HotelServlet
[10:46:53:120 @34 main: Added servlet: bichel.yauhen.web.app.servlet.WeatherServlet
[10:46:53:154 @52 main: Starting Jetty server
